<?xml version="1.0" encoding="UTF-8"?>
<testng-results ignored="0" total="1" passed="1" failed="0" skipped="0">
  <reporter-output>
  </reporter-output>
  <suite started-at="2019-09-01T14:47:58Z" name="Default suite" finished-at="2019-09-01T14:48:30Z" duration-ms="31908">
    <groups>
    </groups>
    <test started-at="2019-09-01T14:47:58Z" name="Default test" finished-at="2019-09-01T14:48:30Z" duration-ms="31908">
      <class name="pages.tests.Test7">
        <test-method is-config="true" signature="setup()[pri:0, instance:pages.tests.Test7@3b2cf7ab]" started-at="2019-09-01T14:47:58Z" name="setup" finished-at="2019-09-01T14:48:10Z" duration-ms="12178" status="PASS">
          <reporter-output>
          </reporter-output>
        </test-method> <!-- setup -->
        <test-method signature="internetArchiveTest5()[pri:0, instance:pages.tests.Test7@3b2cf7ab]" started-at="2019-09-01T14:48:10Z" name="internetArchiveTest5" finished-at="2019-09-01T14:48:30Z" duration-ms="19683" status="PASS">
          <reporter-output>
          </reporter-output>
        </test-method> <!-- internetArchiveTest5 -->
      </class> <!-- pages.tests.Test7 -->
    </test> <!-- Default test -->
  </suite> <!-- Default suite -->
</testng-results>
